Performing C SOURCE FILE Test CMAKE_HAVE_LIBC_PTHREAD failed with the following output:
Change Dir: /home/ch/code/P440/ROS_P440/src/BIRL_UWB/cmake-build-debug/CMakeFiles/CMakeTmp

Run Build Command(s):/usr/bin/make cmTC_20591/fast && /usr/bin/make  -f CMakeFiles/cmTC_20591.dir/build.make CMakeFiles/cmTC_20591.dir/build
make[1]: Entering directory '/home/ch/code/P440/ROS_P440/src/BIRL_UWB/cmake-build-debug/CMakeFiles/CMakeTmp'
Building C object CMakeFiles/cmTC_20591.dir/src.c.o
/usr/bin/cc   -DCMAKE_HAVE_LIBC_PTHREAD   -o CMakeFiles/cmTC_20591.dir/src.c.o   -c /home/ch/code/P440/ROS_P440/src/BIRL_UWB/cmake-build-debug/CMakeFiles/CMakeTmp/src.c
Linking C executable cmTC_20591
/home/ch/SOFTWARES/Clion/clion-2020.2.4/bin/cmake/linux/bin/cmake -E cmake_link_script CMakeFiles/cmTC_20591.dir/link.txt --verbose=1
/usr/bin/cc  -DCMAKE_HAVE_LIBC_PTHREAD    -rdynamic CMakeFiles/cmTC_20591.dir/src.c.o  -o cmTC_20591 
CMakeFiles/cmTC_20591.dir/src.c.o：在函数‘main’中：
src.c:(.text+0x3c)：对‘pthread_create’未定义的引用
src.c:(.text+0x48)：对‘pthread_detach’未定义的引用
src.c:(.text+0x54)：对‘pthread_cancel’未定义的引用
src.c:(.text+0x65)：对‘pthread_join’未定义的引用
src.c:(.text+0x79)：对‘pthread_atfork’未定义的引用
collect2: error: ld returned 1 exit status
CMakeFiles/cmTC_20591.dir/build.make:106: recipe for target 'cmTC_20591' failed
make[1]: *** [cmTC_20591] Error 1
make[1]: Leaving directory '/home/ch/code/P440/ROS_P440/src/BIRL_UWB/cmake-build-debug/CMakeFiles/CMakeTmp'
Makefile:141: recipe for target 'cmTC_20591/fast' failed
make: *** [cmTC_20591/fast] Error 2


Source file was:
#include <pthread.h>

void* test_func(void* data)
{
  return data;
}

int main(void)
{
  pthread_t thread;
  pthread_create(&thread, NULL, test_func, NULL);
  pthread_detach(thread);
  pthread_cancel(thread);
  pthread_join(thread, NULL);
  pthread_atfork(NULL, NULL, NULL);
  pthread_exit(NULL);

  return 0;
}

Determining if the function pthread_create exists in the pthreads failed with the following output:
Change Dir: /home/ch/code/P440/ROS_P440/src/BIRL_UWB/cmake-build-debug/CMakeFiles/CMakeTmp

Run Build Command(s):/usr/bin/make cmTC_df217/fast && /usr/bin/make  -f CMakeFiles/cmTC_df217.dir/build.make CMakeFiles/cmTC_df217.dir/build
make[1]: Entering directory '/home/ch/code/P440/ROS_P440/src/BIRL_UWB/cmake-build-debug/CMakeFiles/CMakeTmp'
Building C object CMakeFiles/cmTC_df217.dir/CheckFunctionExists.c.o
/usr/bin/cc   -DCHECK_FUNCTION_EXISTS=pthread_create   -o CMakeFiles/cmTC_df217.dir/CheckFunctionExists.c.o   -c /home/ch/SOFTWARES/Clion/clion-2020.2.4/bin/cmake/linux/share/cmake-3.17/Modules/CheckFunctionExists.c
Linking C executable cmTC_df217
/home/ch/SOFTWARES/Clion/clion-2020.2.4/bin/cmake/linux/bin/cmake -E cmake_link_script CMakeFiles/cmTC_df217.dir/link.txt --verbose=1
/usr/bin/cc  -DCHECK_FUNCTION_EXISTS=pthread_create    -rdynamic CMakeFiles/cmTC_df217.dir/CheckFunctionExists.c.o  -o cmTC_df217  -lpthreads 
/usr/bin/ld: 找不到 -lpthreads
collect2: error: ld returned 1 exit status
CMakeFiles/cmTC_df217.dir/build.make:106: recipe for target 'cmTC_df217' failed
make[1]: *** [cmTC_df217] Error 1
make[1]: Leaving directory '/home/ch/code/P440/ROS_P440/src/BIRL_UWB/cmake-build-debug/CMakeFiles/CMakeTmp'
Makefile:141: recipe for target 'cmTC_df217/fast' failed
make: *** [cmTC_df217/fast] Error 2



