Performing C SOURCE FILE Test CMAKE_HAVE_LIBC_PTHREAD failed with the following output:
Change Dir: /home/ch/P440/IMU/src/read_imu_data/cmake-build-debug/CMakeFiles/CMakeTmp

Run Build Command(s):/usr/bin/make cmTC_43db7/fast && /usr/bin/make -f CMakeFiles/cmTC_43db7.dir/build.make CMakeFiles/cmTC_43db7.dir/build
make[1]: Entering directory '/home/ch/P440/IMU/src/read_imu_data/cmake-build-debug/CMakeFiles/CMakeTmp'
Building C object CMakeFiles/cmTC_43db7.dir/src.c.o
/usr/bin/cc   -DCMAKE_HAVE_LIBC_PTHREAD   -o CMakeFiles/cmTC_43db7.dir/src.c.o   -c /home/ch/P440/IMU/src/read_imu_data/cmake-build-debug/CMakeFiles/CMakeTmp/src.c
Linking C executable cmTC_43db7
/home/ch/Downloads/clion-2020.1.1/bin/cmake/linux/bin/cmake -E cmake_link_script CMakeFiles/cmTC_43db7.dir/link.txt --verbose=1
/usr/bin/cc  -DCMAKE_HAVE_LIBC_PTHREAD    -rdynamic CMakeFiles/cmTC_43db7.dir/src.c.o  -o cmTC_43db7 
CMakeFiles/cmTC_43db7.dir/src.c.o：在函数‘main’中：
src.c:(.text+0x3c)：对‘pthread_create’未定义的引用
src.c:(.text+0x48)：对‘pthread_detach’未定义的引用
src.c:(.text+0x59)：对‘pthread_join’未定义的引用
src.c:(.text+0x6d)：对‘pthread_atfork’未定义的引用
collect2: error: ld returned 1 exit status
CMakeFiles/cmTC_43db7.dir/build.make:86: recipe for target 'cmTC_43db7' failed
make[1]: *** [cmTC_43db7] Error 1
make[1]: Leaving directory '/home/ch/P440/IMU/src/read_imu_data/cmake-build-debug/CMakeFiles/CMakeTmp'
Makefile:121: recipe for target 'cmTC_43db7/fast' failed
make: *** [cmTC_43db7/fast] Error 2


Source file was:
#include <pthread.h>

void* test_func(void* data)
{
  return data;
}

int main(void)
{
  pthread_t thread;
  pthread_create(&thread, NULL, test_func, NULL);
  pthread_detach(thread);
  pthread_join(thread, NULL);
  pthread_atfork(NULL, NULL, NULL);
  pthread_exit(NULL);

  return 0;
}

Determining if the function pthread_create exists in the pthreads failed with the following output:
Change Dir: /home/ch/P440/IMU/src/read_imu_data/cmake-build-debug/CMakeFiles/CMakeTmp

Run Build Command(s):/usr/bin/make cmTC_46913/fast && /usr/bin/make -f CMakeFiles/cmTC_46913.dir/build.make CMakeFiles/cmTC_46913.dir/build
make[1]: Entering directory '/home/ch/P440/IMU/src/read_imu_data/cmake-build-debug/CMakeFiles/CMakeTmp'
Building C object CMakeFiles/cmTC_46913.dir/CheckFunctionExists.c.o
/usr/bin/cc   -DCHECK_FUNCTION_EXISTS=pthread_create   -o CMakeFiles/cmTC_46913.dir/CheckFunctionExists.c.o   -c /home/ch/Downloads/clion-2020.1.1/bin/cmake/linux/share/cmake-3.16/Modules/CheckFunctionExists.c
Linking C executable cmTC_46913
/home/ch/Downloads/clion-2020.1.1/bin/cmake/linux/bin/cmake -E cmake_link_script CMakeFiles/cmTC_46913.dir/link.txt --verbose=1
/usr/bin/cc  -DCHECK_FUNCTION_EXISTS=pthread_create    -rdynamic CMakeFiles/cmTC_46913.dir/CheckFunctionExists.c.o  -o cmTC_46913  -lpthreads 
/usr/bin/ld: 找不到 -lpthreads
collect2: error: ld returned 1 exit status
CMakeFiles/cmTC_46913.dir/build.make:86: recipe for target 'cmTC_46913' failed
make[1]: *** [cmTC_46913] Error 1
make[1]: Leaving directory '/home/ch/P440/IMU/src/read_imu_data/cmake-build-debug/CMakeFiles/CMakeTmp'
Makefile:121: recipe for target 'cmTC_46913/fast' failed
make: *** [cmTC_46913/fast] Error 2



