Determining if the pthread_create exist failed with the following output:
Change Dir: /home/ch/code/ClimbingRobotLocation/build/CMakeFiles/CMakeTmp

Run Build Command:"/usr/bin/make" "cmTC_85b6b/fast"
/usr/bin/make -f CMakeFiles/cmTC_85b6b.dir/build.make CMakeFiles/cmTC_85b6b.dir/build
make[1]: Entering directory '/home/ch/code/ClimbingRobotLocation/build/CMakeFiles/CMakeTmp'
Building C object CMakeFiles/cmTC_85b6b.dir/CheckSymbolExists.c.o
/usr/bin/cc     -o CMakeFiles/cmTC_85b6b.dir/CheckSymbolExists.c.o   -c /home/ch/code/ClimbingRobotLocation/build/CMakeFiles/CMakeTmp/CheckSymbolExists.c
Linking C executable cmTC_85b6b
/usr/bin/cmake -E cmake_link_script CMakeFiles/cmTC_85b6b.dir/link.txt --verbose=1
/usr/bin/cc       CMakeFiles/cmTC_85b6b.dir/CheckSymbolExists.c.o  -o cmTC_85b6b -rdynamic 
CMakeFiles/cmTC_85b6b.dir/CheckSymbolExists.c.o：在函数‘main’中：
CheckSymbolExists.c:(.text+0x16)：对‘pthread_create’未定义的引用
collect2: error: ld returned 1 exit status
CMakeFiles/cmTC_85b6b.dir/build.make:97: recipe for target 'cmTC_85b6b' failed
make[1]: *** [cmTC_85b6b] Error 1
make[1]: Leaving directory '/home/ch/code/ClimbingRobotLocation/build/CMakeFiles/CMakeTmp'
Makefile:126: recipe for target 'cmTC_85b6b/fast' failed
make: *** [cmTC_85b6b/fast] Error 2

File /home/ch/code/ClimbingRobotLocation/build/CMakeFiles/CMakeTmp/CheckSymbolExists.c:
/* */
#include <pthread.h>

int main(int argc, char** argv)
{
  (void)argv;
#ifndef pthread_create
  return ((int*)(&pthread_create))[argc];
#else
  (void)argc;
  return 0;
#endif
}

Determining if the function pthread_create exists in the pthreads failed with the following output:
Change Dir: /home/ch/code/ClimbingRobotLocation/build/CMakeFiles/CMakeTmp

Run Build Command:"/usr/bin/make" "cmTC_a5bfd/fast"
/usr/bin/make -f CMakeFiles/cmTC_a5bfd.dir/build.make CMakeFiles/cmTC_a5bfd.dir/build
make[1]: Entering directory '/home/ch/code/ClimbingRobotLocation/build/CMakeFiles/CMakeTmp'
Building C object CMakeFiles/cmTC_a5bfd.dir/CheckFunctionExists.c.o
/usr/bin/cc    -DCHECK_FUNCTION_EXISTS=pthread_create   -o CMakeFiles/cmTC_a5bfd.dir/CheckFunctionExists.c.o   -c /usr/share/cmake-3.5/Modules/CheckFunctionExists.c
Linking C executable cmTC_a5bfd
/usr/bin/cmake -E cmake_link_script CMakeFiles/cmTC_a5bfd.dir/link.txt --verbose=1
/usr/bin/cc   -DCHECK_FUNCTION_EXISTS=pthread_create    CMakeFiles/cmTC_a5bfd.dir/CheckFunctionExists.c.o  -o cmTC_a5bfd -rdynamic -lpthreads 
/usr/bin/ld: 找不到 -lpthreads
collect2: error: ld returned 1 exit status
CMakeFiles/cmTC_a5bfd.dir/build.make:97: recipe for target 'cmTC_a5bfd' failed
make[1]: *** [cmTC_a5bfd] Error 1
make[1]: Leaving directory '/home/ch/code/ClimbingRobotLocation/build/CMakeFiles/CMakeTmp'
Makefile:126: recipe for target 'cmTC_a5bfd/fast' failed
make: *** [cmTC_a5bfd/fast] Error 2


